%Error: /home/npanh/openlane2/crystal-kyber/layout/butterfly.v:28:15: syntax error, unexpected ',', expecting '('
   28 |     input type,
      |               ^
%Error: /home/npanh/openlane2/crystal-kyber/layout/butterfly.v:57:1: syntax error, unexpected IDENTIFIER
   57 | butterfly_core BU0 (
      | ^~~~~~~~~~~~~~
%Error: /home/npanh/openlane2/crystal-kyber/layout/butterfly.v:72:1: syntax error, unexpected IDENTIFIER
   72 | butterfly_core BU1 (
      | ^~~~~~~~~~~~~~
%Error: /home/npanh/openlane2/crystal-kyber/layout/butterfly.v:87:1: syntax error, unexpected IDENTIFIER
   87 | butterfly_core BU2 (
      | ^~~~~~~~~~~~~~
%Error: /home/npanh/openlane2/crystal-kyber/layout/butterfly.v:102:1: syntax error, unexpected IDENTIFIER
  102 | butterfly_core BU3 (
      | ^~~~~~~~~~~~~~
%Error: /home/npanh/openlane2/crystal-kyber/layout/butterfly.v:117:1: syntax error, unexpected IDENTIFIER
  117 | mult MULT_COEF (
      | ^~~~
%Error: /home/npanh/openlane2/crystal-kyber/layout/ntt_core.v:42:6: syntax error, unexpected type
   42 |     .type(ntt_type),
      |      ^~~~
%Error: Exiting due to 7 error(s)
